2023-12-04 05:12:24	INFO	::casa	
2023-12-04 05:12:24	INFO	::casa	
2023-12-04 05:12:24	INFO	::casa	
2023-12-04 05:12:25	INFO	::casa	
2023-12-04 05:12:25	INFO	::casa	Python version 3.8.10
2023-12-04 05:12:25	INFO	::casa	CASA Version CASALITH 6.5.3.28
2023-12-04 05:12:25	INFO	::casa	
2023-12-04 05:12:25	INFO	::casa	Found an existing telemetry logfile: /home/liuxunchuan/.casa/casastats-6.5.3.28-3423943ac181a63d3-20231129-084040.log
2023-12-04 05:12:25	INFO	::casa	Telemetry log file: /home/liuxunchuan/.casa/casastats-6.5.3.28-3423943ac181a63d3-20231129-084040.log
2023-12-04 05:12:25	INFO	::casa	Checking telemetry submission interval
2023-12-04 05:12:25	INFO	::casa	Telemetry submit interval not reached. Not submitting data.
2023-12-04 05:12:25	INFO	::casa	Next telemetry data submission in: 2 days, 3:28:15.292230
2023-12-04 05:12:25	INFO	::casa	
2023-12-04 05:12:25	INFO	::casa	optional configuration file config.py not found, continuing CASA startup without it
2023-12-04 05:12:25	INFO	::casa	
2023-12-04 05:12:25	INFO	::casa	Checking Measures tables in data repository sub-directory /home/ism/Software/casa-6.5.3-28-py3.8/lib/py/lib/python3.8/site-packages/casadata/__data__/geodetic
2023-12-04 05:12:25	INFO	::casa	  IERSeop2000 (version date, last date in table (UTC)): 2023/01/19/15:00, 2022/12/20/00:00:00
2023-12-04 05:12:25	INFO	::casa	  IERSeop97 (version date, last date in table (UTC)): 2023/01/19/15:00, 2022/12/20/00:00:00
2023-12-04 05:12:25	INFO	::casa	  IERSpredict (version date, last date in table (UTC)): 2023/01/22/15:00, 2023/04/22/00:00:00
2023-12-04 05:12:25	INFO	::casa	  TAI_UTC (version date, last date in table (UTC)): 2022/12/29/15:00, 2017/01/01/00:00:00
