This is pdfTeX, Version 3.14159265-2.6-1.40.19 (TeX Live 2018) (preloaded format=pdflatex 2023.9.27)  1 NOV 2023 21:08
entering extended mode
 restricted \write18 enabled.
 %&-line parsing enabled.
**vgradient.tex
(./vgradient.tex
LaTeX2e <2017-04-15>
Babel <3.17> and hyphenation patterns for 3 language(s) loaded.
(/usr/share/texlive/texmf-dist/tex/latex/base/article.cls
Document Class: article 2014/09/29 v1.4h Standard LaTeX document class
(/usr/share/texlive/texmf-dist/tex/latex/base/size10.clo
File: size10.clo 2014/09/29 v1.4h Standard LaTeX file (size option)
)
\c@part=\count79
\c@section=\count80
\c@subsection=\count81
\c@subsubsection=\count82
\c@paragraph=\count83
\c@subparagraph=\count84
\c@figure=\count85
\c@table=\count86
\abovecaptionskip=\skip41
\belowcaptionskip=\skip42
\bibindent=\dimen102
)
(/usr/share/texlive/texmf-dist/tex/latex/graphics/graphicx.sty
Package: graphicx 2017/06/01 v1.1a Enhanced LaTeX Graphics (DPC,SPQR)

(/usr/share/texlive/texmf-dist/tex/latex/graphics/keyval.sty
Package: keyval 2014/10/28 v1.15 key=value parser (DPC)
\KV@toks@=\toks14
)
(/usr/share/texlive/texmf-dist/tex/latex/graphics/graphics.sty
Package: graphics 2017/06/25 v1.2c Standard LaTeX Graphics (DPC,SPQR)

(/usr/share/texlive/texmf-dist/tex/latex/graphics/trig.sty
Package: trig 2016/01/03 v1.10 sin cos tan (DPC)
)
(/usr/share/texlive/texmf-dist/tex/latex/graphics-cfg/graphics.cfg
File: graphics.cfg 2016/06/04 v1.11 sample graphics configuration
)
Package graphics Info: Driver file: pdftex.def on input line 99.

(/usr/share/texlive/texmf-dist/tex/latex/graphics-def/pdftex.def
File: pdftex.def 2017/06/24 v1.0g Graphics/color driver for pdftex
))
\Gin@req@height=\dimen103
\Gin@req@width=\dimen104
)
(/usr/share/texlive/texmf-dist/tex/latex/geometry/geometry.sty
Package: geometry 2010/09/12 v5.6 Page Geometry

(/usr/share/texlive/texmf-dist/tex/generic/oberdiek/ifpdf.sty
Package: ifpdf 2017/03/15 v3.2 Provides the ifpdf switch
)
(/usr/share/texlive/texmf-dist/tex/generic/oberdiek/ifvtex.sty
Package: ifvtex 2016/05/16 v1.6 Detect VTeX and its facilities (HO)
Package ifvtex Info: VTeX not detected.
)
(/usr/share/texlive/texmf-dist/tex/generic/ifxetex/ifxetex.sty
Package: ifxetex 2010/09/12 v0.6 Provides ifxetex conditional
)
\Gm@cnth=\count87
\Gm@cntv=\count88
\c@Gm@tempcnt=\count89
\Gm@bindingoffset=\dimen105
\Gm@wd@mp=\dimen106
\Gm@odd@mp=\dimen107
\Gm@even@mp=\dimen108
\Gm@layoutwidth=\dimen109
\Gm@layoutheight=\dimen110
\Gm@layouthoffset=\dimen111
\Gm@layoutvoffset=\dimen112
\Gm@dimlist=\toks15
)
No file vgradient.aux.
\openout1 = `vgradient.aux'.

LaTeX Font Info:    Checking defaults for OML/cmm/m/it on input line 5.
LaTeX Font Info:    ... okay on input line 5.
LaTeX Font Info:    Checking defaults for T1/cmr/m/n on input line 5.
LaTeX Font Info:    ... okay on input line 5.
LaTeX Font Info:    Checking defaults for OT1/cmr/m/n on input line 5.
LaTeX Font Info:    ... okay on input line 5.
LaTeX Font Info:    Checking defaults for OMS/cmsy/m/n on input line 5.
LaTeX Font Info:    ... okay on input line 5.
LaTeX Font Info:    Checking defaults for OMX/cmex/m/n on input line 5.
LaTeX Font Info:    ... okay on input line 5.
LaTeX Font Info:    Checking defaults for U/cmr/m/n on input line 5.
LaTeX Font Info:    ... okay on input line 5.
(/usr/share/texlive/texmf-dist/tex/context/base/mkii/supp-pdf.mkii
[Loading MPS to PDF converter (version 2006.09.02).]
\scratchcounter=\count90
\scratchdimen=\dimen113
\scratchbox=\box26
\nofMPsegments=\count91
\nofMParguments=\count92
\everyMPshowfont=\toks16
\MPscratchCnt=\count93
\MPscratchDim=\dimen114
\MPnumerator=\count94
\makeMPintoPDFobject=\count95
\everyMPtoPDFconversion=\toks17
) (/usr/share/texlive/texmf-dist/tex/latex/oberdiek/epstopdf-base.sty
Package: epstopdf-base 2016/05/15 v2.6 Base part for package epstopdf

(/usr/share/texlive/texmf-dist/tex/generic/oberdiek/infwarerr.sty
Package: infwarerr 2016/05/16 v1.4 Providing info/warning/error messages (HO)
)
(/usr/share/texlive/texmf-dist/tex/latex/oberdiek/grfext.sty
Package: grfext 2016/05/16 v1.2 Manage graphics extensions (HO)

(/usr/share/texlive/texmf-dist/tex/generic/oberdiek/kvdefinekeys.sty
Package: kvdefinekeys 2016/05/16 v1.4 Define keys (HO)

(/usr/share/texlive/texmf-dist/tex/generic/oberdiek/ltxcmds.sty
Package: ltxcmds 2016/05/16 v1.23 LaTeX kernel commands for general use (HO)
)))
(/usr/share/texlive/texmf-dist/tex/latex/oberdiek/kvoptions.sty
Package: kvoptions 2016/05/16 v3.12 Key value format for package options (HO)

(/usr/share/texlive/texmf-dist/tex/generic/oberdiek/kvsetkeys.sty
Package: kvsetkeys 2016/05/16 v1.17 Key value parser (HO)

(/usr/share/texlive/texmf-dist/tex/generic/oberdiek/etexcmds.sty
Package: etexcmds 2016/05/16 v1.6 Avoid name clashes with e-TeX commands (HO)

(/usr/share/texlive/texmf-dist/tex/generic/oberdiek/ifluatex.sty
Package: ifluatex 2016/05/16 v1.4 Provides the ifluatex switch (HO)
Package ifluatex Info: LuaTeX not detected.
)
Package etexcmds Info: Could not find \expanded.
(etexcmds)             That can mean that you are not using pdfTeX 1.50 or
(etexcmds)             that some package has redefined \expanded.
(etexcmds)             In the latter case, load this package earlier.
)))
(/usr/share/texlive/texmf-dist/tex/generic/oberdiek/pdftexcmds.sty
Package: pdftexcmds 2017/03/19 v0.25 Utility functions of pdfTeX for LuaTeX (HO
)
Package pdftexcmds Info: LuaTeX not detected.
Package pdftexcmds Info: \pdf@primitive is available.
Package pdftexcmds Info: \pdf@ifprimitive is available.
Package pdftexcmds Info: \pdfdraftmode found.
)
Package epstopdf-base Info: Redefining graphics rule for `.eps' on input line 4
38.
Package grfext Info: Graphics extension search list:
(grfext)             [.pdf,.png,.jpg,.mps,.jpeg,.jbig2,.jb2,.PDF,.PNG,.JPG,.JPE
G,.JBIG2,.JB2,.eps]
(grfext)             \AppendGraphicsExtensions on input line 456.

(/usr/share/texlive/texmf-dist/tex/latex/latexconfig/epstopdf-sys.cfg
File: epstopdf-sys.cfg 2010/07/13 v1.3 Configuration of (r)epstopdf for TeX Liv
e
))
*geometry* driver: auto-detecting
*geometry* detected driver: pdftex
*geometry* verbose mode - [ preamble ] result:
* driver: pdftex
* paper: <default>
* layout: <same size as paper>
* layoutoffset:(h,v)=(0.0pt,0.0pt)
* modes: 
* h-part:(L,W,R)=(28.45274pt, 557.38951pt, 28.45274pt)
* v-part:(T,H,B)=(56.9055pt, 681.15898pt, 56.9055pt)
* \paperwidth=614.295pt
* \paperheight=794.96999pt
* \textwidth=557.38951pt
* \textheight=681.15898pt
* \oddsidemargin=-43.81725pt
* \evensidemargin=-43.81725pt
* \topmargin=-52.36449pt
* \headheight=12.0pt
* \headsep=25.0pt
* \topskip=10.0pt
* \footskip=30.0pt
* \marginparwidth=65.0pt
* \marginparsep=11.0pt
* \columnsep=10.0pt
* \skip\footins=9.0pt plus 4.0pt minus 2.0pt
* \hoffset=0.0pt
* \voffset=0.0pt
* \mag=1000
* \@twocolumnfalse
* \@twosidefalse
* \@mparswitchfalse
* \@reversemarginfalse
* (1in=72.27pt=25.4mm, 1cm=28.453pt)

<../figure/I18434-0242.pdf, id=1, pagebox=cropbox, 591.1035pt x 248.57953pt>
File: ../figure/I18434-0242.pdf Graphic file (type pdf)
<use ../figure/I18434-0242.pdf>
Package pdftex.def Info: ../figure/I18434-0242.pdf  used on input line 9. on in
put line 9.
Package pdftex.def Info: Requested size: 273.12392pt x 114.85623pt on input lin
e 9.
<../figure/I17439-2845_1.pdf, id=2, pagebox=cropbox, 591.1035pt x 247.18852pt>
File: ../figure/I17439-2845_1.pdf Graphic file (type pdf)
<use ../figure/I17439-2845_1.pdf>
Package pdftex.def Info: ../figure/I17439-2845_1.pdf  used on input line 10. on
 input line 10.
Package pdftex.def Info: Requested size: 273.12392pt x 114.2135pt on input line
 10.
<../figure/I08303-4303.pdf, id=3, pagebox=cropbox, 591.1035pt x 247.18852pt>
File: ../figure/I08303-4303.pdf Graphic file (type pdf)
<use ../figure/I08303-4303.pdf>
Package pdftex.def Info: ../figure/I08303-4303.pdf  used on input line 12. on i
nput line 12.
Package pdftex.def Info: Requested size: 273.12392pt x 114.2135pt on input line
 12.
<../figure/I08470-4243.pdf, id=4, pagebox=cropbox, 600.68617pt x 248.27144pt>
File: ../figure/I08470-4243.pdf Graphic file (type pdf)
<use ../figure/I08470-4243.pdf>
Package pdftex.def Info: ../figure/I08470-4243.pdf  used on input line 13. on i
nput line 13.
Package pdftex.def Info: Requested size: 273.12392pt x 112.88791pt on input lin
e 13.
<../figure/I09018-4816.pdf, id=5, pagebox=cropbox, 591.1035pt x 247.18852pt>
File: ../figure/I09018-4816.pdf Graphic file (type pdf)
<use ../figure/I09018-4816.pdf>
Package pdftex.def Info: ../figure/I09018-4816.pdf  used on input line 15. on i
nput line 15.
Package pdftex.def Info: Requested size: 273.12392pt x 114.2135pt on input line
 15.
<../figure/I17143-3700.pdf, id=6, pagebox=cropbox, 599.5099pt x 247.18852pt>
File: ../figure/I17143-3700.pdf Graphic file (type pdf)
<use ../figure/I17143-3700.pdf>
Package pdftex.def Info: ../figure/I17143-3700.pdf  used on input line 16. on i
nput line 16.
Package pdftex.def Info: Requested size: 273.12392pt x 112.61427pt on input lin
e 16.
<../figure/I17158-3901.pdf, id=7, pagebox=cropbox, 599.5099pt x 242.4925pt>
File: ../figure/I17158-3901.pdf Graphic file (type pdf)
<use ../figure/I17158-3901.pdf>
Package pdftex.def Info: ../figure/I17158-3901.pdf  used on input line 18. on i
nput line 18.
Package pdftex.def Info: Requested size: 273.12392pt x 110.47485pt on input lin
e 18.
<../figure/I16547-4247.pdf, id=8, pagebox=cropbox, 599.5099pt x 247.18852pt>
File: ../figure/I16547-4247.pdf Graphic file (type pdf)
<use ../figure/I16547-4247.pdf>
Package pdftex.def Info: ../figure/I16547-4247.pdf  used on input line 19. on i
nput line 19.
Package pdftex.def Info: Requested size: 273.12392pt x 112.61427pt on input lin
e 19.
<../figure/I16562-3959.pdf, id=9, pagebox=cropbox, 599.5099pt x 247.18852pt>
File: ../figure/I16562-3959.pdf Graphic file (type pdf)
<use ../figure/I16562-3959.pdf>
Package pdftex.def Info: ../figure/I16562-3959.pdf  used on input line 21. on i
nput line 21.
Package pdftex.def Info: Requested size: 273.12392pt x 112.61427pt on input lin
e 21.
<../figure/I19095+0930.pdf, id=10, pagebox=cropbox, 581.09737pt x 247.18852pt>
File: ../figure/I19095+0930.pdf Graphic file (type pdf)
<use ../figure/I19095+0930.pdf>
Package pdftex.def Info: ../figure/I19095+0930.pdf  used on input line 22. on i
nput line 22.
Package pdftex.def Info: Requested size: 273.12392pt x 116.18237pt on input lin
e 22.
<../figure/I19078+0901.pdf, id=11, pagebox=cropbox, 581.09737pt x 247.36205pt>
File: ../figure/I19078+0901.pdf Graphic file (type pdf)
<use ../figure/I19078+0901.pdf>
Package pdftex.def Info: ../figure/I19078+0901.pdf  used on input line 24. on i
nput line 24.
Package pdftex.def Info: Requested size: 273.12392pt x 116.26395pt on input lin
e 24.
<../figure/I18032-2032.pdf, id=12, pagebox=cropbox, 572.90367pt x 264.66472pt>
File: ../figure/I18032-2032.pdf Graphic file (type pdf)
<use ../figure/I18032-2032.pdf>
Package pdftex.def Info: ../figure/I18032-2032.pdf  used on input line 25. on i
nput line 25.
Package pdftex.def Info: Requested size: 273.12392pt x 126.17741pt on input lin
e 25.
<../figure/I17589-2312.pdf, id=13, pagebox=cropbox, 591.1035pt x 247.18852pt>
File: ../figure/I17589-2312.pdf Graphic file (type pdf)
<use ../figure/I17589-2312.pdf>
Package pdftex.def Info: ../figure/I17589-2312.pdf  used on input line 27. on i
nput line 27.
Package pdftex.def Info: Requested size: 273.12392pt x 114.2135pt on input line
 27.
<../figure/I17599-2148.pdf, id=14, pagebox=cropbox, 591.1035pt x 247.18852pt>
File: ../figure/I17599-2148.pdf Graphic file (type pdf)
<use ../figure/I17599-2148.pdf>
Package pdftex.def Info: ../figure/I17599-2148.pdf  used on input line 28. on i
nput line 28.
Package pdftex.def Info: Requested size: 273.12392pt x 114.2135pt on input line
 28.
<../figure/I18290-0924_2.pdf, id=15, pagebox=cropbox, 594.30295pt x 250.99963pt
>
File: ../figure/I18290-0924_2.pdf Graphic file (type pdf)
<use ../figure/I18290-0924_2.pdf>
Package pdftex.def Info: ../figure/I18290-0924_2.pdf  used on input line 30. on
 input line 30.
Package pdftex.def Info: Requested size: 273.12392pt x 115.35399pt on input lin
e 30.
<../figure/I18089-1732.pdf, id=16, pagebox=cropbox, 591.1035pt x 247.18852pt>
File: ../figure/I18089-1732.pdf Graphic file (type pdf)
<use ../figure/I18089-1732.pdf>
Package pdftex.def Info: ../figure/I18089-1732.pdf  used on input line 31. on i
nput line 31.
Package pdftex.def Info: Requested size: 273.12392pt x 114.2135pt on input line
 31.

Overfull \hbox (6.08054pt too wide) in paragraph at lines 9--33
[][] [] 
 []


Underfull \hbox (badness 10000) in paragraph at lines 9--33

 []

[1

{/usr/share/texlive/texmf-dist/fonts/map/pdftex/updmap/pdftex.map} <../figure/I
18434-0242.pdf> <../figure/I17439-2845_1.pdf> <../figure/I08303-4303.pdf> <../f
igure/I08470-4243.pdf> <../figure/I09018-4816.pdf> <../figure/I17143-3700.pdf> 
<../figure/I17158-3901.pdf> <../figure/I16547-4247.pdf> <../figure/I16562-3959.
pdf> <../figure/I19095+0930.pdf>] [2 <../figure/I19078+0901.pdf> <../figure/I18
032-2032.pdf> <../figure/I17589-2312.pdf> <../figure/I17599-2148.pdf> <../figur
e/I18290-0924_2.pdf> <../figure/I18089-1732.pdf>] (./vgradient.aux) ) 
Here is how much of TeX's memory you used:
 1962 strings out of 494917
 29760 string characters out of 6180699
 84705 words of memory out of 5000000
 5276 multiletter control sequences out of 15000+600000
 3640 words of font info for 14 fonts, out of 8000000 for 9000
 14 hyphenation exceptions out of 8191
 41i,4n,25p,276b,110s stack positions out of 5000i,500n,10000p,200000b,80000s
</usr/shar
e/texlive/texmf-dist/fonts/type1/public/amsfonts/cm/cmr10.pfb>
Output written on vgradient.pdf (2 pages, 537919 bytes).
PDF statistics:
 741 PDF objects out of 1000 (max. 8388607)
 185 compressed objects within 2 object streams
 0 named destinations out of 1000 (max. 500000)
 81 words of extra memory for PDF output out of 10000 (max. 10000000)

